==12015== Memcheck, a memory error detector
==12015== Copyright (C) 2002-2017, and GNU GPL'd, by Julian Seward et al.
==12015== Using Valgrind-3.15.0 and LibVEX; rerun with -h for copyright info
==12015== Command: ./minishell
==12015== Parent PID: 2382
==12015== 
==12015== 
==12015== HEAP SUMMARY:
==12015==     in use at exit: 210,067 bytes in 365 blocks
==12015==   total heap usage: 574 allocs, 209 frees, 230,562 bytes allocated
==12015== 
==12015== 5 bytes in 1 blocks are still reachable in loss record 1 of 72
==12015==    at 0x483B7F3: malloc (in /usr/lib/x86_64-linux-gnu/valgrind/vgpreload_memcheck-amd64-linux.so)
==12015==    by 0x489A00C: xmalloc (in /usr/lib/x86_64-linux-gnu/libreadline.so.8.0)
==12015==    by 0x48732AB: readline_internal_teardown (in /usr/lib/x86_64-linux-gnu/libreadline.so.8.0)
==12015==    by 0x4874504: readline (in /usr/lib/x86_64-linux-gnu/libreadline.so.8.0)
==12015==    by 0x109713: main (main.c:99)
==12015== 
{
   <insert_a_suppression_name_here>
   Memcheck:Leak
   match-leak-kinds: reachable
   fun:malloc
   fun:xmalloc
   fun:readline_internal_teardown
   fun:readline
   fun:main
}
==12015== 5 bytes in 1 blocks are still reachable in loss record 2 of 72
==12015==    at 0x483B7F3: malloc (in /usr/lib/x86_64-linux-gnu/valgrind/vgpreload_memcheck-amd64-linux.so)
==12015==    by 0x489A00C: xmalloc (in /usr/lib/x86_64-linux-gnu/libreadline.so.8.0)
==12015==    by 0x4893760: alloc_history_entry (in /usr/lib/x86_64-linux-gnu/libreadline.so.8.0)
==12015==    by 0x4893A04: add_history (in /usr/lib/x86_64-linux-gnu/libreadline.so.8.0)
==12015==    by 0x109793: main (main.c:117)
==12015== 
{
   <insert_a_suppression_name_here>
   Memcheck:Leak
   match-leak-kinds: reachable
   fun:malloc
   fun:xmalloc
   fun:alloc_history_entry
   fun:add_history
   fun:main
}
==12015== 8 bytes in 1 blocks are still reachable in loss record 6 of 72
==12015==    at 0x483B7F3: malloc (in /usr/lib/x86_64-linux-gnu/valgrind/vgpreload_memcheck-amd64-linux.so)
==12015==    by 0x489A057: xrealloc (in /usr/lib/x86_64-linux-gnu/libreadline.so.8.0)
==12015==    by 0x4885234: ??? (in /usr/lib/x86_64-linux-gnu/libreadline.so.8.0)
==12015==    by 0x48857D5: rl_expand_prompt (in /usr/lib/x86_64-linux-gnu/libreadline.so.8.0)
==12015==    by 0x4872FE5: rl_set_prompt (in /usr/lib/x86_64-linux-gnu/libreadline.so.8.0)
==12015==    by 0x48744AA: readline (in /usr/lib/x86_64-linux-gnu/libreadline.so.8.0)
==12015==    by 0x109713: main (main.c:99)
==12015== 
{
   <insert_a_suppression_name_here>
   Memcheck:Leak
   match-leak-kinds: reachable
   fun:malloc
   fun:xrealloc
   obj:/usr/lib/x86_64-linux-gnu/libreadline.so.8.0
   fun:rl_expand_prompt
   fun:rl_set_prompt
   fun:readline
   fun:main
}
==12015== 8 bytes in 1 blocks are still reachable in loss record 7 of 72
==12015==    at 0x483B7F3: malloc (in /usr/lib/x86_64-linux-gnu/valgrind/vgpreload_memcheck-amd64-linux.so)
==12015==    by 0x494D38E: strdup (strdup.c:42)
==12015==    by 0x4ABB4F7: _nc_trim_sgr0 (in /usr/lib/x86_64-linux-gnu/libtinfo.so.6.2)
==12015==    by 0x4AB4538: tgetent_sp (in /usr/lib/x86_64-linux-gnu/libtinfo.so.6.2)
==12015==    by 0x488F75B: _rl_init_terminal_io (in /usr/lib/x86_64-linux-gnu/libreadline.so.8.0)
==12015==    by 0x48741FF: rl_initialize (in /usr/lib/x86_64-linux-gnu/libreadline.so.8.0)
==12015==    by 0x48744AF: readline (in /usr/lib/x86_64-linux-gnu/libreadline.so.8.0)
==12015==    by 0x109713: main (main.c:99)
==12015== 
{
   <insert_a_suppression_name_here>
   Memcheck:Leak
   match-leak-kinds: reachable
   fun:malloc
   fun:strdup
   fun:_nc_trim_sgr0
   fun:tgetent_sp
   fun:_rl_init_terminal_io
   fun:rl_initialize
   fun:readline
   fun:main
}
==12015== 12 bytes in 1 blocks are still reachable in loss record 8 of 72
==12015==    at 0x483B7F3: malloc (in /usr/lib/x86_64-linux-gnu/valgrind/vgpreload_memcheck-amd64-linux.so)
==12015==    by 0x489A00C: xmalloc (in /usr/lib/x86_64-linux-gnu/libreadline.so.8.0)
==12015==    by 0x48939E2: add_history (in /usr/lib/x86_64-linux-gnu/libreadline.so.8.0)
==12015==    by 0x109793: main (main.c:117)
==12015== 
{
   <insert_a_suppression_name_here>
   Memcheck:Leak
   match-leak-kinds: reachable
   fun:malloc
   fun:xmalloc
   fun:add_history
   fun:main
}
==12015== 13 bytes in 1 blocks are still reachable in loss record 9 of 72
==12015==    at 0x483B7F3: malloc (in /usr/lib/x86_64-linux-gnu/valgrind/vgpreload_memcheck-amd64-linux.so)
==12015==    by 0x489A00C: xmalloc (in /usr/lib/x86_64-linux-gnu/libreadline.so.8.0)
==12015==    by 0x4881CF2: ??? (in /usr/lib/x86_64-linux-gnu/libreadline.so.8.0)
==12015==    by 0x4874228: rl_initialize (in /usr/lib/x86_64-linux-gnu/libreadline.so.8.0)
==12015==    by 0x48744AF: readline (in /usr/lib/x86_64-linux-gnu/libreadline.so.8.0)
==12015==    by 0x109713: main (main.c:99)
==12015== 
{
   <insert_a_suppression_name_here>
   Memcheck:Leak
   match-leak-kinds: reachable
   fun:malloc
   fun:xmalloc
   obj:/usr/lib/x86_64-linux-gnu/libreadline.so.8.0
   fun:rl_initialize
   fun:readline
   fun:main
}
==12015== 14 bytes in 1 blocks are still reachable in loss record 10 of 72
==12015==    at 0x483B7F3: malloc (in /usr/lib/x86_64-linux-gnu/valgrind/vgpreload_memcheck-amd64-linux.so)
==12015==    by 0x494D38E: strdup (strdup.c:42)
==12015==    by 0x4AB0AA7: ??? (in /usr/lib/x86_64-linux-gnu/libtinfo.so.6.2)
==12015==    by 0x4AB0D9B: _nc_first_db (in /usr/lib/x86_64-linux-gnu/libtinfo.so.6.2)
==12015==    by 0x4ABAE1E: _nc_read_entry2 (in /usr/lib/x86_64-linux-gnu/libtinfo.so.6.2)
==12015==    by 0x4AB39F5: ??? (in /usr/lib/x86_64-linux-gnu/libtinfo.so.6.2)
==12015==    by 0x4AB3E04: _nc_setupterm (in /usr/lib/x86_64-linux-gnu/libtinfo.so.6.2)
==12015==    by 0x4AB4359: tgetent_sp (in /usr/lib/x86_64-linux-gnu/libtinfo.so.6.2)
==12015==    by 0x488F75B: _rl_init_terminal_io (in /usr/lib/x86_64-linux-gnu/libreadline.so.8.0)
==12015==    by 0x48741FF: rl_initialize (in /usr/lib/x86_64-linux-gnu/libreadline.so.8.0)
==12015==    by 0x48744AF: readline (in /usr/lib/x86_64-linux-gnu/libreadline.so.8.0)
==12015==    by 0x109713: main (main.c:99)
==12015== 
{
   <insert_a_suppression_name_here>
   Memcheck:Leak
   match-leak-kinds: reachable
   fun:malloc
   fun:strdup
   obj:/usr/lib/x86_64-linux-gnu/libtinfo.so.6.2
   fun:_nc_first_db
   fun:_nc_read_entry2
   obj:/usr/lib/x86_64-linux-gnu/libtinfo.so.6.2
   fun:_nc_setupterm
   fun:tgetent_sp
   fun:_rl_init_terminal_io
   fun:rl_initialize
   fun:readline
   fun:main
}
==12015== 14 bytes in 1 blocks are still reachable in loss record 11 of 72
==12015==    at 0x483DFAF: realloc (in /usr/lib/x86_64-linux-gnu/valgrind/vgpreload_memcheck-amd64-linux.so)
==12015==    by 0x4AB12C7: _nc_doalloc (in /usr/lib/x86_64-linux-gnu/libtinfo.so.6.2)
==12015==    by 0x4AB5C3E: tparm (in /usr/lib/x86_64-linux-gnu/libtinfo.so.6.2)
==12015==    by 0x4ABB274: ??? (in /usr/lib/x86_64-linux-gnu/libtinfo.so.6.2)
==12015==    by 0x4ABB4E9: _nc_trim_sgr0 (in /usr/lib/x86_64-linux-gnu/libtinfo.so.6.2)
==12015==    by 0x4AB4538: tgetent_sp (in /usr/lib/x86_64-linux-gnu/libtinfo.so.6.2)
==12015==    by 0x488F75B: _rl_init_terminal_io (in /usr/lib/x86_64-linux-gnu/libreadline.so.8.0)
==12015==    by 0x48741FF: rl_initialize (in /usr/lib/x86_64-linux-gnu/libreadline.so.8.0)
==12015==    by 0x48744AF: readline (in /usr/lib/x86_64-linux-gnu/libreadline.so.8.0)
==12015==    by 0x109713: main (main.c:99)
==12015== 
{
   <insert_a_suppression_name_here>
   Memcheck:Leak
   match-leak-kinds: reachable
   fun:realloc
   fun:_nc_doalloc
   fun:tparm
   obj:/usr/lib/x86_64-linux-gnu/libtinfo.so.6.2
   fun:_nc_trim_sgr0
   fun:tgetent_sp
   fun:_rl_init_terminal_io
   fun:rl_initialize
   fun:readline
   fun:main
}
==12015== 15 bytes in 1 blocks are still reachable in loss record 12 of 72
==12015==    at 0x483B7F3: malloc (in /usr/lib/x86_64-linux-gnu/valgrind/vgpreload_memcheck-amd64-linux.so)
==12015==    by 0x494D38E: strdup (strdup.c:42)
==12015==    by 0x4AB3E4F: _nc_setupterm (in /usr/lib/x86_64-linux-gnu/libtinfo.so.6.2)
==12015==    by 0x4AB4359: tgetent_sp (in /usr/lib/x86_64-linux-gnu/libtinfo.so.6.2)
==12015==    by 0x488F75B: _rl_init_terminal_io (in /usr/lib/x86_64-linux-gnu/libreadline.so.8.0)
==12015==    by 0x48741FF: rl_initialize (in /usr/lib/x86_64-linux-gnu/libreadline.so.8.0)
==12015==    by 0x48744AF: readline (in /usr/lib/x86_64-linux-gnu/libreadline.so.8.0)
==12015==    by 0x109713: main (main.c:99)
==12015== 
{
   <insert_a_suppression_name_here>
   Memcheck:Leak
   match-leak-kinds: reachable
   fun:malloc
   fun:strdup
   fun:_nc_setupterm
   fun:tgetent_sp
   fun:_rl_init_terminal_io
   fun:rl_initialize
   fun:readline
   fun:main
}
==12015== 16 bytes in 1 blocks are still reachable in loss record 13 of 72
==12015==    at 0x483B7F3: malloc (in /usr/lib/x86_64-linux-gnu/valgrind/vgpreload_memcheck-amd64-linux.so)
==12015==    by 0x4874317: rl_initialize (in /usr/lib/x86_64-linux-gnu/libreadline.so.8.0)
==12015==    by 0x48744AF: readline (in /usr/lib/x86_64-linux-gnu/libreadline.so.8.0)
==12015==    by 0x109713: main (main.c:99)
==12015== 
{
   <insert_a_suppression_name_here>
   Memcheck:Leak
   match-leak-kinds: reachable
   fun:malloc
   fun:rl_initialize
   fun:readline
   fun:main
}
==12015== 20 bytes in 1 blocks are still reachable in loss record 17 of 72
==12015==    at 0x483B7F3: malloc (in /usr/lib/x86_64-linux-gnu/valgrind/vgpreload_memcheck-amd64-linux.so)
==12015==    by 0x489A00C: xmalloc (in /usr/lib/x86_64-linux-gnu/libreadline.so.8.0)
==12015==    by 0x48829D3: ??? (in /usr/lib/x86_64-linux-gnu/libreadline.so.8.0)
==12015==    by 0x4881818: rl_parse_and_bind (in /usr/lib/x86_64-linux-gnu/libreadline.so.8.0)
==12015==    by 0x4881C6C: ??? (in /usr/lib/x86_64-linux-gnu/libreadline.so.8.0)
==12015==    by 0x4874228: rl_initialize (in /usr/lib/x86_64-linux-gnu/libreadline.so.8.0)
==12015==    by 0x48744AF: readline (in /usr/lib/x86_64-linux-gnu/libreadline.so.8.0)
==12015==    by 0x109713: main (main.c:99)
==12015== 
{
   <insert_a_suppression_name_here>
   Memcheck:Leak
   match-leak-kinds: reachable
   fun:malloc
   fun:xmalloc
   obj:/usr/lib/x86_64-linux-gnu/libreadline.so.8.0
   fun:rl_parse_and_bind
   obj:/usr/lib/x86_64-linux-gnu/libreadline.so.8.0
   fun:rl_initialize
   fun:readline
   fun:main
}
==12015== 22 bytes in 1 blocks are still reachable in loss record 19 of 72
==12015==    at 0x483B7F3: malloc (in /usr/lib/x86_64-linux-gnu/valgrind/vgpreload_memcheck-amd64-linux.so)
==12015==    by 0x489A00C: xmalloc (in /usr/lib/x86_64-linux-gnu/libreadline.so.8.0)
==12015==    by 0x4873010: rl_set_prompt (in /usr/lib/x86_64-linux-gnu/libreadline.so.8.0)
==12015==    by 0x48744AA: readline (in /usr/lib/x86_64-linux-gnu/libreadline.so.8.0)
==12015==    by 0x109713: main (main.c:99)
==12015== 
{
   <insert_a_suppression_name_here>
   Memcheck:Leak
   match-leak-kinds: reachable
   fun:malloc
   fun:xmalloc
   fun:rl_set_prompt
   fun:readline
   fun:main
}
==12015== 22 bytes in 1 blocks are still reachable in loss record 20 of 72
==12015==    at 0x483B7F3: malloc (in /usr/lib/x86_64-linux-gnu/valgrind/vgpreload_memcheck-amd64-linux.so)
==12015==    by 0x489A00C: xmalloc (in /usr/lib/x86_64-linux-gnu/libreadline.so.8.0)
==12015==    by 0x488563E: ??? (in /usr/lib/x86_64-linux-gnu/libreadline.so.8.0)
==12015==    by 0x48857D5: rl_expand_prompt (in /usr/lib/x86_64-linux-gnu/libreadline.so.8.0)
==12015==    by 0x4872FE5: rl_set_prompt (in /usr/lib/x86_64-linux-gnu/libreadline.so.8.0)
==12015==    by 0x48744AA: readline (in /usr/lib/x86_64-linux-gnu/libreadline.so.8.0)
==12015==    by 0x109713: main (main.c:99)
==12015== 
{
   <insert_a_suppression_name_here>
   Memcheck:Leak
   match-leak-kinds: reachable
   fun:malloc
   fun:xmalloc
   obj:/usr/lib/x86_64-linux-gnu/libreadline.so.8.0
   fun:rl_expand_prompt
   fun:rl_set_prompt
   fun:readline
   fun:main
}
==12015== 24 bytes in 1 blocks are still reachable in loss record 21 of 72
==12015==    at 0x483B7F3: malloc (in /usr/lib/x86_64-linux-gnu/valgrind/vgpreload_memcheck-amd64-linux.so)
==12015==    by 0x489A00C: xmalloc (in /usr/lib/x86_64-linux-gnu/libreadline.so.8.0)
==12015==    by 0x4893747: alloc_history_entry (in /usr/lib/x86_64-linux-gnu/libreadline.so.8.0)
==12015==    by 0x4893A04: add_history (in /usr/lib/x86_64-linux-gnu/libreadline.so.8.0)
==12015==    by 0x109793: main (main.c:117)
==12015== 
{
   <insert_a_suppression_name_here>
   Memcheck:Leak
   match-leak-kinds: reachable
   fun:malloc
   fun:xmalloc
   fun:alloc_history_entry
   fun:add_history
   fun:main
}
==12015== 26 bytes in 1 blocks are still reachable in loss record 22 of 72
==12015==    at 0x483B7F3: malloc (in /usr/lib/x86_64-linux-gnu/valgrind/vgpreload_memcheck-amd64-linux.so)
==12015==    by 0x4AB168C: _nc_home_terminfo (in /usr/lib/x86_64-linux-gnu/libtinfo.so.6.2)
==12015==    by 0x4AB0D85: _nc_first_db (in /usr/lib/x86_64-linux-gnu/libtinfo.so.6.2)
==12015==    by 0x4ABAE1E: _nc_read_entry2 (in /usr/lib/x86_64-linux-gnu/libtinfo.so.6.2)
==12015==    by 0x4AB39F5: ??? (in /usr/lib/x86_64-linux-gnu/libtinfo.so.6.2)
==12015==    by 0x4AB3E04: _nc_setupterm (in /usr/lib/x86_64-linux-gnu/libtinfo.so.6.2)
==12015==    by 0x4AB4359: tgetent_sp (in /usr/lib/x86_64-linux-gnu/libtinfo.so.6.2)
==12015==    by 0x488F75B: _rl_init_terminal_io (in /usr/lib/x86_64-linux-gnu/libreadline.so.8.0)
==12015==    by 0x48741FF: rl_initialize (in /usr/lib/x86_64-linux-gnu/libreadline.so.8.0)
==12015==    by 0x48744AF: readline (in /usr/lib/x86_64-linux-gnu/libreadline.so.8.0)
==12015==    by 0x109713: main (main.c:99)
==12015== 
{
   <insert_a_suppression_name_here>
   Memcheck:Leak
   match-leak-kinds: reachable
   fun:malloc
   fun:_nc_home_terminfo
   fun:_nc_first_db
   fun:_nc_read_entry2
   obj:/usr/lib/x86_64-linux-gnu/libtinfo.so.6.2
   fun:_nc_setupterm
   fun:tgetent_sp
   fun:_rl_init_terminal_io
   fun:rl_initialize
   fun:readline
   fun:main
}
==12015== 46 bytes in 1 blocks are still reachable in loss record 23 of 72
==12015==    at 0x483DFAF: realloc (in /usr/lib/x86_64-linux-gnu/valgrind/vgpreload_memcheck-amd64-linux.so)
==12015==    by 0x4AB12C7: _nc_doalloc (in /usr/lib/x86_64-linux-gnu/libtinfo.so.6.2)
==12015==    by 0x4ABA504: _nc_read_termtype (in /usr/lib/x86_64-linux-gnu/libtinfo.so.6.2)
==12015==    by 0x4ABA91C: ??? (in /usr/lib/x86_64-linux-gnu/libtinfo.so.6.2)
==12015==    by 0x4ABAD13: ??? (in /usr/lib/x86_64-linux-gnu/libtinfo.so.6.2)
==12015==    by 0x4ABAE44: _nc_read_entry2 (in /usr/lib/x86_64-linux-gnu/libtinfo.so.6.2)
==12015==    by 0x4AB39F5: ??? (in /usr/lib/x86_64-linux-gnu/libtinfo.so.6.2)
==12015==    by 0x4AB3E04: _nc_setupterm (in /usr/lib/x86_64-linux-gnu/libtinfo.so.6.2)
==12015==    by 0x4AB4359: tgetent_sp (in /usr/lib/x86_64-linux-gnu/libtinfo.so.6.2)
==12015==    by 0x488F75B: _rl_init_terminal_io (in /usr/lib/x86_64-linux-gnu/libreadline.so.8.0)
==12015==    by 0x48741FF: rl_initialize (in /usr/lib/x86_64-linux-gnu/libreadline.so.8.0)
==12015==    by 0x48744AF: readline (in /usr/lib/x86_64-linux-gnu/libreadline.so.8.0)
==12015== 
{
   <insert_a_suppression_name_here>
   Memcheck:Leak
   match-leak-kinds: reachable
   fun:realloc
   fun:_nc_doalloc
   fun:_nc_read_termtype
   obj:/usr/lib/x86_64-linux-gnu/libtinfo.so.6.2
   obj:/usr/lib/x86_64-linux-gnu/libtinfo.so.6.2
   fun:_nc_read_entry2
   obj:/usr/lib/x86_64-linux-gnu/libtinfo.so.6.2
   fun:_nc_setupterm
   fun:tgetent_sp
   fun:_rl_init_terminal_io
   fun:rl_initialize
   fun:readline
}
==12015== 46 bytes in 1 blocks are still reachable in loss record 24 of 72
==12015==    at 0x483B7F3: malloc (in /usr/lib/x86_64-linux-gnu/valgrind/vgpreload_memcheck-amd64-linux.so)
==12015==    by 0x4AAF18E: ??? (in /usr/lib/x86_64-linux-gnu/libtinfo.so.6.2)
==12015==    by 0x4AB3E1B: _nc_setupterm (in /usr/lib/x86_64-linux-gnu/libtinfo.so.6.2)
==12015==    by 0x4AB4359: tgetent_sp (in /usr/lib/x86_64-linux-gnu/libtinfo.so.6.2)
==12015==    by 0x488F75B: _rl_init_terminal_io (in /usr/lib/x86_64-linux-gnu/libreadline.so.8.0)
==12015==    by 0x48741FF: rl_initialize (in /usr/lib/x86_64-linux-gnu/libreadline.so.8.0)
==12015==    by 0x48744AF: readline (in /usr/lib/x86_64-linux-gnu/libreadline.so.8.0)
==12015==    by 0x109713: main (main.c:99)
==12015== 
{
   <insert_a_suppression_name_here>
   Memcheck:Leak
   match-leak-kinds: reachable
   fun:malloc
   obj:/usr/lib/x86_64-linux-gnu/libtinfo.so.6.2
   fun:_nc_setupterm
   fun:tgetent_sp
   fun:_rl_init_terminal_io
   fun:rl_initialize
   fun:readline
   fun:main
}
==12015== 48 bytes in 1 blocks are still reachable in loss record 25 of 72
==12015==    at 0x483DD99: calloc (in /usr/lib/x86_64-linux-gnu/valgrind/vgpreload_memcheck-amd64-linux.so)
==12015==    by 0x4AB0E9B: _nc_first_db (in /usr/lib/x86_64-linux-gnu/libtinfo.so.6.2)
==12015==    by 0x4ABAE1E: _nc_read_entry2 (in /usr/lib/x86_64-linux-gnu/libtinfo.so.6.2)
==12015==    by 0x4AB39F5: ??? (in /usr/lib/x86_64-linux-gnu/libtinfo.so.6.2)
==12015==    by 0x4AB3E04: _nc_setupterm (in /usr/lib/x86_64-linux-gnu/libtinfo.so.6.2)
==12015==    by 0x4AB4359: tgetent_sp (in /usr/lib/x86_64-linux-gnu/libtinfo.so.6.2)
==12015==    by 0x488F75B: _rl_init_terminal_io (in /usr/lib/x86_64-linux-gnu/libreadline.so.8.0)
==12015==    by 0x48741FF: rl_initialize (in /usr/lib/x86_64-linux-gnu/libreadline.so.8.0)
==12015==    by 0x48744AF: readline (in /usr/lib/x86_64-linux-gnu/libreadline.so.8.0)
==12015==    by 0x109713: main (main.c:99)
==12015== 
{
   <insert_a_suppression_name_here>
   Memcheck:Leak
   match-leak-kinds: reachable
   fun:calloc
   fun:_nc_first_db
   fun:_nc_read_entry2
   obj:/usr/lib/x86_64-linux-gnu/libtinfo.so.6.2
   fun:_nc_setupterm
   fun:tgetent_sp
   fun:_rl_init_terminal_io
   fun:rl_initialize
   fun:readline
   fun:main
}
==12015== 78 bytes in 1 blocks are still reachable in loss record 26 of 72
==12015==    at 0x483B7F3: malloc (in /usr/lib/x86_64-linux-gnu/valgrind/vgpreload_memcheck-amd64-linux.so)
==12015==    by 0x4AAF1FF: ??? (in /usr/lib/x86_64-linux-gnu/libtinfo.so.6.2)
==12015==    by 0x4AB3E1B: _nc_setupterm (in /usr/lib/x86_64-linux-gnu/libtinfo.so.6.2)
==12015==    by 0x4AB4359: tgetent_sp (in /usr/lib/x86_64-linux-gnu/libtinfo.so.6.2)
==12015==    by 0x488F75B: _rl_init_terminal_io (in /usr/lib/x86_64-linux-gnu/libreadline.so.8.0)
==12015==    by 0x48741FF: rl_initialize (in /usr/lib/x86_64-linux-gnu/libreadline.so.8.0)
==12015==    by 0x48744AF: readline (in /usr/lib/x86_64-linux-gnu/libreadline.so.8.0)
==12015==    by 0x109713: main (main.c:99)
==12015== 
{
   <insert_a_suppression_name_here>
   Memcheck:Leak
   match-leak-kinds: reachable
   fun:malloc
   obj:/usr/lib/x86_64-linux-gnu/libtinfo.so.6.2
   fun:_nc_setupterm
   fun:tgetent_sp
   fun:_rl_init_terminal_io
   fun:rl_initialize
   fun:readline
   fun:main
}
==12015== 94 bytes in 1 blocks are still reachable in loss record 27 of 72
==12015==    at 0x483B7F3: malloc (in /usr/lib/x86_64-linux-gnu/valgrind/vgpreload_memcheck-amd64-linux.so)
==12015==    by 0x4AB5542: _nc_tparm_analyze (in /usr/lib/x86_64-linux-gnu/libtinfo.so.6.2)
==12015==    by 0x4AB57CB: tparm (in /usr/lib/x86_64-linux-gnu/libtinfo.so.6.2)
==12015==    by 0x4ABB274: ??? (in /usr/lib/x86_64-linux-gnu/libtinfo.so.6.2)
==12015==    by 0x4ABB4E9: _nc_trim_sgr0 (in /usr/lib/x86_64-linux-gnu/libtinfo.so.6.2)
==12015==    by 0x4AB4538: tgetent_sp (in /usr/lib/x86_64-linux-gnu/libtinfo.so.6.2)
==12015==    by 0x488F75B: _rl_init_terminal_io (in /usr/lib/x86_64-linux-gnu/libreadline.so.8.0)
==12015==    by 0x48741FF: rl_initialize (in /usr/lib/x86_64-linux-gnu/libreadline.so.8.0)
==12015==    by 0x48744AF: readline (in /usr/lib/x86_64-linux-gnu/libreadline.so.8.0)
==12015==    by 0x109713: main (main.c:99)
==12015== 
{
   <insert_a_suppression_name_here>
   Memcheck:Leak
   match-leak-kinds: reachable
   fun:malloc
   fun:_nc_tparm_analyze
   fun:tparm
   obj:/usr/lib/x86_64-linux-gnu/libtinfo.so.6.2
   fun:_nc_trim_sgr0
   fun:tgetent_sp
   fun:_rl_init_terminal_io
   fun:rl_initialize
   fun:readline
   fun:main
}
==12015== 95 bytes in 1 blocks are still reachable in loss record 28 of 72
==12015==    at 0x483B7F3: malloc (in /usr/lib/x86_64-linux-gnu/valgrind/vgpreload_memcheck-amd64-linux.so)
==12015==    by 0x4AB0E04: _nc_first_db (in /usr/lib/x86_64-linux-gnu/libtinfo.so.6.2)
==12015==    by 0x4ABAE1E: _nc_read_entry2 (in /usr/lib/x86_64-linux-gnu/libtinfo.so.6.2)
==12015==    by 0x4AB39F5: ??? (in /usr/lib/x86_64-linux-gnu/libtinfo.so.6.2)
==12015==    by 0x4AB3E04: _nc_setupterm (in /usr/lib/x86_64-linux-gnu/libtinfo.so.6.2)
==12015==    by 0x4AB4359: tgetent_sp (in /usr/lib/x86_64-linux-gnu/libtinfo.so.6.2)
==12015==    by 0x488F75B: _rl_init_terminal_io (in /usr/lib/x86_64-linux-gnu/libreadline.so.8.0)
==12015==    by 0x48741FF: rl_initialize (in /usr/lib/x86_64-linux-gnu/libreadline.so.8.0)
==12015==    by 0x48744AF: readline (in /usr/lib/x86_64-linux-gnu/libreadline.so.8.0)
==12015==    by 0x109713: main (main.c:99)
==12015== 
{
   <insert_a_suppression_name_here>
   Memcheck:Leak
   match-leak-kinds: reachable
   fun:malloc
   fun:_nc_first_db
   fun:_nc_read_entry2
   obj:/usr/lib/x86_64-linux-gnu/libtinfo.so.6.2
   fun:_nc_setupterm
   fun:tgetent_sp
   fun:_rl_init_terminal_io
   fun:rl_initialize
   fun:readline
   fun:main
}
==12015== 156 bytes in 1 blocks are still reachable in loss record 30 of 72
==12015==    at 0x483DFAF: realloc (in /usr/lib/x86_64-linux-gnu/valgrind/vgpreload_memcheck-amd64-linux.so)
==12015==    by 0x4AB12C7: _nc_doalloc (in /usr/lib/x86_64-linux-gnu/libtinfo.so.6.2)
==12015==    by 0x4ABA522: _nc_read_termtype (in /usr/lib/x86_64-linux-gnu/libtinfo.so.6.2)
==12015==    by 0x4ABA91C: ??? (in /usr/lib/x86_64-linux-gnu/libtinfo.so.6.2)
==12015==    by 0x4ABAD13: ??? (in /usr/lib/x86_64-linux-gnu/libtinfo.so.6.2)
==12015==    by 0x4ABAE44: _nc_read_entry2 (in /usr/lib/x86_64-linux-gnu/libtinfo.so.6.2)
==12015==    by 0x4AB39F5: ??? (in /usr/lib/x86_64-linux-gnu/libtinfo.so.6.2)
==12015==    by 0x4AB3E04: _nc_setupterm (in /usr/lib/x86_64-linux-gnu/libtinfo.so.6.2)
==12015==    by 0x4AB4359: tgetent_sp (in /usr/lib/x86_64-linux-gnu/libtinfo.so.6.2)
==12015==    by 0x488F75B: _rl_init_terminal_io (in /usr/lib/x86_64-linux-gnu/libreadline.so.8.0)
==12015==    by 0x48741FF: rl_initialize (in /usr/lib/x86_64-linux-gnu/libreadline.so.8.0)
==12015==    by 0x48744AF: readline (in /usr/lib/x86_64-linux-gnu/libreadline.so.8.0)
==12015== 
{
   <insert_a_suppression_name_here>
   Memcheck:Leak
   match-leak-kinds: reachable
   fun:realloc
   fun:_nc_doalloc
   fun:_nc_read_termtype
   obj:/usr/lib/x86_64-linux-gnu/libtinfo.so.6.2
   obj:/usr/lib/x86_64-linux-gnu/libtinfo.so.6.2
   fun:_nc_read_entry2
   obj:/usr/lib/x86_64-linux-gnu/libtinfo.so.6.2
   fun:_nc_setupterm
   fun:tgetent_sp
   fun:_rl_init_terminal_io
   fun:rl_initialize
   fun:readline
}
==12015== 256 bytes in 1 blocks are still reachable in loss record 31 of 72
==12015==    at 0x483B7F3: malloc (in /usr/lib/x86_64-linux-gnu/valgrind/vgpreload_memcheck-amd64-linux.so)
==12015==    by 0x489A00C: xmalloc (in /usr/lib/x86_64-linux-gnu/libreadline.so.8.0)
==12015==    by 0x4874466: rl_initialize (in /usr/lib/x86_64-linux-gnu/libreadline.so.8.0)
==12015==    by 0x48744AF: readline (in /usr/lib/x86_64-linux-gnu/libreadline.so.8.0)
==12015==    by 0x109713: main (main.c:99)
==12015== 
{
   <insert_a_suppression_name_here>
   Memcheck:Leak
   match-leak-kinds: reachable
   fun:malloc
   fun:xmalloc
   fun:rl_initialize
   fun:readline
   fun:main
}
==12015== 280 bytes in 1 blocks are still reachable in loss record 32 of 72
==12015==    at 0x483DD99: calloc (in /usr/lib/x86_64-linux-gnu/valgrind/vgpreload_memcheck-amd64-linux.so)
==12015==    by 0x4AB3DB7: _nc_setupterm (in /usr/lib/x86_64-linux-gnu/libtinfo.so.6.2)
==12015==    by 0x4AB4359: tgetent_sp (in /usr/lib/x86_64-linux-gnu/libtinfo.so.6.2)
==12015==    by 0x488F75B: _rl_init_terminal_io (in /usr/lib/x86_64-linux-gnu/libreadline.so.8.0)
==12015==    by 0x48741FF: rl_initialize (in /usr/lib/x86_64-linux-gnu/libreadline.so.8.0)
==12015==    by 0x48744AF: readline (in /usr/lib/x86_64-linux-gnu/libreadline.so.8.0)
==12015==    by 0x109713: main (main.c:99)
==12015== 
{
   <insert_a_suppression_name_here>
   Memcheck:Leak
   match-leak-kinds: reachable
   fun:calloc
   fun:_nc_setupterm
   fun:tgetent_sp
   fun:_rl_init_terminal_io
   fun:rl_initialize
   fun:readline
   fun:main
}
==12015== 496 bytes in 1 blocks are still reachable in loss record 33 of 72
==12015==    at 0x483DD99: calloc (in /usr/lib/x86_64-linux-gnu/valgrind/vgpreload_memcheck-amd64-linux.so)
==12015==    by 0x4ABA78B: _nc_read_termtype (in /usr/lib/x86_64-linux-gnu/libtinfo.so.6.2)
==12015==    by 0x4ABA91C: ??? (in /usr/lib/x86_64-linux-gnu/libtinfo.so.6.2)
==12015==    by 0x4ABAD13: ??? (in /usr/lib/x86_64-linux-gnu/libtinfo.so.6.2)
==12015==    by 0x4ABAE44: _nc_read_entry2 (in /usr/lib/x86_64-linux-gnu/libtinfo.so.6.2)
==12015==    by 0x4AB39F5: ??? (in /usr/lib/x86_64-linux-gnu/libtinfo.so.6.2)
==12015==    by 0x4AB3E04: _nc_setupterm (in /usr/lib/x86_64-linux-gnu/libtinfo.so.6.2)
==12015==    by 0x4AB4359: tgetent_sp (in /usr/lib/x86_64-linux-gnu/libtinfo.so.6.2)
==12015==    by 0x488F75B: _rl_init_terminal_io (in /usr/lib/x86_64-linux-gnu/libreadline.so.8.0)
==12015==    by 0x48741FF: rl_initialize (in /usr/lib/x86_64-linux-gnu/libreadline.so.8.0)
==12015==    by 0x48744AF: readline (in /usr/lib/x86_64-linux-gnu/libreadline.so.8.0)
==12015==    by 0x109713: main (main.c:99)
==12015== 
{
   <insert_a_suppression_name_here>
   Memcheck:Leak
   match-leak-kinds: reachable
   fun:calloc
   fun:_nc_read_termtype
   obj:/usr/lib/x86_64-linux-gnu/libtinfo.so.6.2
   obj:/usr/lib/x86_64-linux-gnu/libtinfo.so.6.2
   fun:_nc_read_entry2
   obj:/usr/lib/x86_64-linux-gnu/libtinfo.so.6.2
   fun:_nc_setupterm
   fun:tgetent_sp
   fun:_rl_init_terminal_io
   fun:rl_initialize
   fun:readline
   fun:main
}
==12015== 496 bytes in 1 blocks are still reachable in loss record 34 of 72
==12015==    at 0x483B7F3: malloc (in /usr/lib/x86_64-linux-gnu/valgrind/vgpreload_memcheck-amd64-linux.so)
==12015==    by 0x4AAF2D9: ??? (in /usr/lib/x86_64-linux-gnu/libtinfo.so.6.2)
==12015==    by 0x4AB3E1B: _nc_setupterm (in /usr/lib/x86_64-linux-gnu/libtinfo.so.6.2)
==12015==    by 0x4AB4359: tgetent_sp (in /usr/lib/x86_64-linux-gnu/libtinfo.so.6.2)
==12015==    by 0x488F75B: _rl_init_terminal_io (in /usr/lib/x86_64-linux-gnu/libreadline.so.8.0)
==12015==    by 0x48741FF: rl_initialize (in /usr/lib/x86_64-linux-gnu/libreadline.so.8.0)
==12015==    by 0x48744AF: readline (in /usr/lib/x86_64-linux-gnu/libreadline.so.8.0)
==12015==    by 0x109713: main (main.c:99)
==12015== 
{
   <insert_a_suppression_name_here>
   Memcheck:Leak
   match-leak-kinds: reachable
   fun:malloc
   obj:/usr/lib/x86_64-linux-gnu/libtinfo.so.6.2
   fun:_nc_setupterm
   fun:tgetent_sp
   fun:_rl_init_terminal_io
   fun:rl_initialize
   fun:readline
   fun:main
}
==12015== 755 bytes in 1 blocks are still reachable in loss record 35 of 72
==12015==    at 0x483B7F3: malloc (in /usr/lib/x86_64-linux-gnu/valgrind/vgpreload_memcheck-amd64-linux.so)
==12015==    by 0x4ABA80B: _nc_read_termtype (in /usr/lib/x86_64-linux-gnu/libtinfo.so.6.2)
==12015==    by 0x4ABA91C: ??? (in /usr/lib/x86_64-linux-gnu/libtinfo.so.6.2)
==12015==    by 0x4ABAD13: ??? (in /usr/lib/x86_64-linux-gnu/libtinfo.so.6.2)
==12015==    by 0x4ABAE44: _nc_read_entry2 (in /usr/lib/x86_64-linux-gnu/libtinfo.so.6.2)
==12015==    by 0x4AB39F5: ??? (in /usr/lib/x86_64-linux-gnu/libtinfo.so.6.2)
==12015==    by 0x4AB3E04: _nc_setupterm (in /usr/lib/x86_64-linux-gnu/libtinfo.so.6.2)
==12015==    by 0x4AB4359: tgetent_sp (in /usr/lib/x86_64-linux-gnu/libtinfo.so.6.2)
==12015==    by 0x488F75B: _rl_init_terminal_io (in /usr/lib/x86_64-linux-gnu/libreadline.so.8.0)
==12015==    by 0x48741FF: rl_initialize (in /usr/lib/x86_64-linux-gnu/libreadline.so.8.0)
==12015==    by 0x48744AF: readline (in /usr/lib/x86_64-linux-gnu/libreadline.so.8.0)
==12015==    by 0x109713: main (main.c:99)
==12015== 
{
   <insert_a_suppression_name_here>
   Memcheck:Leak
   match-leak-kinds: reachable
   fun:malloc
   fun:_nc_read_termtype
   obj:/usr/lib/x86_64-linux-gnu/libtinfo.so.6.2
   obj:/usr/lib/x86_64-linux-gnu/libtinfo.so.6.2
   fun:_nc_read_entry2
   obj:/usr/lib/x86_64-linux-gnu/libtinfo.so.6.2
   fun:_nc_setupterm
   fun:tgetent_sp
   fun:_rl_init_terminal_io
   fun:rl_initialize
   fun:readline
   fun:main
}
==12015== 1,024 bytes in 1 blocks are still reachable in loss record 36 of 72
==12015==    at 0x483B7F3: malloc (in /usr/lib/x86_64-linux-gnu/valgrind/vgpreload_memcheck-amd64-linux.so)
==12015==    by 0x489A00C: xmalloc (in /usr/lib/x86_64-linux-gnu/libreadline.so.8.0)
==12015==    by 0x4884B8A: ??? (in /usr/lib/x86_64-linux-gnu/libreadline.so.8.0)
==12015==    by 0x488A0E6: rl_redisplay (in /usr/lib/x86_64-linux-gnu/libreadline.so.8.0)
==12015==    by 0x48730F6: readline_internal_setup (in /usr/lib/x86_64-linux-gnu/libreadline.so.8.0)
==12015==    by 0x48744D3: readline (in /usr/lib/x86_64-linux-gnu/libreadline.so.8.0)
==12015==    by 0x109713: main (main.c:99)
==12015== 
{
   <insert_a_suppression_name_here>
   Memcheck:Leak
   match-leak-kinds: reachable
   fun:malloc
   fun:xmalloc
   obj:/usr/lib/x86_64-linux-gnu/libreadline.so.8.0
   fun:rl_redisplay
   fun:readline_internal_setup
   fun:readline
   fun:main
}
==12015== 1,024 bytes in 1 blocks are still reachable in loss record 37 of 72
==12015==    at 0x483B7F3: malloc (in /usr/lib/x86_64-linux-gnu/valgrind/vgpreload_memcheck-amd64-linux.so)
==12015==    by 0x489A00C: xmalloc (in /usr/lib/x86_64-linux-gnu/libreadline.so.8.0)
==12015==    by 0x4884BA0: ??? (in /usr/lib/x86_64-linux-gnu/libreadline.so.8.0)
==12015==    by 0x488A0E6: rl_redisplay (in /usr/lib/x86_64-linux-gnu/libreadline.so.8.0)
==12015==    by 0x48730F6: readline_internal_setup (in /usr/lib/x86_64-linux-gnu/libreadline.so.8.0)
==12015==    by 0x48744D3: readline (in /usr/lib/x86_64-linux-gnu/libreadline.so.8.0)
==12015==    by 0x109713: main (main.c:99)
==12015== 
{
   <insert_a_suppression_name_here>
   Memcheck:Leak
   match-leak-kinds: reachable
   fun:malloc
   fun:xmalloc
   obj:/usr/lib/x86_64-linux-gnu/libreadline.so.8.0
   fun:rl_redisplay
   fun:readline_internal_setup
   fun:readline
   fun:main
}
==12015== 1,024 bytes in 1 blocks are still reachable in loss record 38 of 72
==12015==    at 0x483B7F3: malloc (in /usr/lib/x86_64-linux-gnu/valgrind/vgpreload_memcheck-amd64-linux.so)
==12015==    by 0x489A00C: xmalloc (in /usr/lib/x86_64-linux-gnu/libreadline.so.8.0)
==12015==    by 0x4884BE8: ??? (in /usr/lib/x86_64-linux-gnu/libreadline.so.8.0)
==12015==    by 0x488A0E6: rl_redisplay (in /usr/lib/x86_64-linux-gnu/libreadline.so.8.0)
==12015==    by 0x48730F6: readline_internal_setup (in /usr/lib/x86_64-linux-gnu/libreadline.so.8.0)
==12015==    by 0x48744D3: readline (in /usr/lib/x86_64-linux-gnu/libreadline.so.8.0)
==12015==    by 0x109713: main (main.c:99)
==12015== 
{
   <insert_a_suppression_name_here>
   Memcheck:Leak
   match-leak-kinds: reachable
   fun:malloc
   fun:xmalloc
   obj:/usr/lib/x86_64-linux-gnu/libreadline.so.8.0
   fun:rl_redisplay
   fun:readline_internal_setup
   fun:readline
   fun:main
}
==12015== 1,024 bytes in 1 blocks are still reachable in loss record 39 of 72
==12015==    at 0x483B7F3: malloc (in /usr/lib/x86_64-linux-gnu/valgrind/vgpreload_memcheck-amd64-linux.so)
==12015==    by 0x489A00C: xmalloc (in /usr/lib/x86_64-linux-gnu/libreadline.so.8.0)
==12015==    by 0x4884C07: ??? (in /usr/lib/x86_64-linux-gnu/libreadline.so.8.0)
==12015==    by 0x488A0E6: rl_redisplay (in /usr/lib/x86_64-linux-gnu/libreadline.so.8.0)
==12015==    by 0x48730F6: readline_internal_setup (in /usr/lib/x86_64-linux-gnu/libreadline.so.8.0)
==12015==    by 0x48744D3: readline (in /usr/lib/x86_64-linux-gnu/libreadline.so.8.0)
==12015==    by 0x109713: main (main.c:99)
==12015== 
{
   <insert_a_suppression_name_here>
   Memcheck:Leak
   match-leak-kinds: reachable
   fun:malloc
   fun:xmalloc
   obj:/usr/lib/x86_64-linux-gnu/libreadline.so.8.0
   fun:rl_redisplay
   fun:readline_internal_setup
   fun:readline
   fun:main
}
==12015== 1,024 bytes in 1 blocks are still reachable in loss record 40 of 72
==12015==    at 0x483B7F3: malloc (in /usr/lib/x86_64-linux-gnu/valgrind/vgpreload_memcheck-amd64-linux.so)
==12015==    by 0x489A00C: xmalloc (in /usr/lib/x86_64-linux-gnu/libreadline.so.8.0)
==12015==    by 0x4884C1F: ??? (in /usr/lib/x86_64-linux-gnu/libreadline.so.8.0)
==12015==    by 0x488A0E6: rl_redisplay (in /usr/lib/x86_64-linux-gnu/libreadline.so.8.0)
==12015==    by 0x48730F6: readline_internal_setup (in /usr/lib/x86_64-linux-gnu/libreadline.so.8.0)
==12015==    by 0x48744D3: readline (in /usr/lib/x86_64-linux-gnu/libreadline.so.8.0)
==12015==    by 0x109713: main (main.c:99)
==12015== 
{
   <insert_a_suppression_name_here>
   Memcheck:Leak
   match-leak-kinds: reachable
   fun:malloc
   fun:xmalloc
   obj:/usr/lib/x86_64-linux-gnu/libreadline.so.8.0
   fun:rl_redisplay
   fun:readline_internal_setup
   fun:readline
   fun:main
}
==12015== 1,024 bytes in 1 blocks are still reachable in loss record 41 of 72
==12015==    at 0x483B7F3: malloc (in /usr/lib/x86_64-linux-gnu/valgrind/vgpreload_memcheck-amd64-linux.so)
==12015==    by 0x489A00C: xmalloc (in /usr/lib/x86_64-linux-gnu/libreadline.so.8.0)
==12015==    by 0x4884C37: ??? (in /usr/lib/x86_64-linux-gnu/libreadline.so.8.0)
==12015==    by 0x488A0E6: rl_redisplay (in /usr/lib/x86_64-linux-gnu/libreadline.so.8.0)
==12015==    by 0x48730F6: readline_internal_setup (in /usr/lib/x86_64-linux-gnu/libreadline.so.8.0)
==12015==    by 0x48744D3: readline (in /usr/lib/x86_64-linux-gnu/libreadline.so.8.0)
==12015==    by 0x109713: main (main.c:99)
==12015== 
{
   <insert_a_suppression_name_here>
   Memcheck:Leak
   match-leak-kinds: reachable
   fun:malloc
   fun:xmalloc
   obj:/usr/lib/x86_64-linux-gnu/libreadline.so.8.0
   fun:rl_redisplay
   fun:readline_internal_setup
   fun:readline
   fun:main
}
==12015== 1,536 bytes in 1 blocks are still reachable in loss record 43 of 72
==12015==    at 0x483DFAF: realloc (in /usr/lib/x86_64-linux-gnu/valgrind/vgpreload_memcheck-amd64-linux.so)
==12015==    by 0x489A041: xrealloc (in /usr/lib/x86_64-linux-gnu/libreadline.so.8.0)
==12015==    by 0x4878944: rl_add_funmap_entry (in /usr/lib/x86_64-linux-gnu/libreadline.so.8.0)
==12015==    by 0x4878998: rl_initialize_funmap (in /usr/lib/x86_64-linux-gnu/libreadline.so.8.0)
==12015==    by 0x487421C: rl_initialize (in /usr/lib/x86_64-linux-gnu/libreadline.so.8.0)
==12015==    by 0x48744AF: readline (in /usr/lib/x86_64-linux-gnu/libreadline.so.8.0)
==12015==    by 0x109713: main (main.c:99)
==12015== 
{
   <insert_a_suppression_name_here>
   Memcheck:Leak
   match-leak-kinds: reachable
   fun:realloc
   fun:xrealloc
   fun:rl_add_funmap_entry
   fun:rl_initialize_funmap
   fun:rl_initialize
   fun:readline
   fun:main
}
==12015== 1,556 bytes in 1 blocks are still reachable in loss record 44 of 72
==12015==    at 0x483B7F3: malloc (in /usr/lib/x86_64-linux-gnu/valgrind/vgpreload_memcheck-amd64-linux.so)
==12015==    by 0x4AB9E82: _nc_read_termtype (in /usr/lib/x86_64-linux-gnu/libtinfo.so.6.2)
==12015==    by 0x4ABA91C: ??? (in /usr/lib/x86_64-linux-gnu/libtinfo.so.6.2)
==12015==    by 0x4ABAD13: ??? (in /usr/lib/x86_64-linux-gnu/libtinfo.so.6.2)
==12015==    by 0x4ABAE44: _nc_read_entry2 (in /usr/lib/x86_64-linux-gnu/libtinfo.so.6.2)
==12015==    by 0x4AB39F5: ??? (in /usr/lib/x86_64-linux-gnu/libtinfo.so.6.2)
==12015==    by 0x4AB3E04: _nc_setupterm (in /usr/lib/x86_64-linux-gnu/libtinfo.so.6.2)
==12015==    by 0x4AB4359: tgetent_sp (in /usr/lib/x86_64-linux-gnu/libtinfo.so.6.2)
==12015==    by 0x488F75B: _rl_init_terminal_io (in /usr/lib/x86_64-linux-gnu/libreadline.so.8.0)
==12015==    by 0x48741FF: rl_initialize (in /usr/lib/x86_64-linux-gnu/libreadline.so.8.0)
==12015==    by 0x48744AF: readline (in /usr/lib/x86_64-linux-gnu/libreadline.so.8.0)
==12015==    by 0x109713: main (main.c:99)
==12015== 
{
   <insert_a_suppression_name_here>
   Memcheck:Leak
   match-leak-kinds: reachable
   fun:malloc
   fun:_nc_read_termtype
   obj:/usr/lib/x86_64-linux-gnu/libtinfo.so.6.2
   obj:/usr/lib/x86_64-linux-gnu/libtinfo.so.6.2
   fun:_nc_read_entry2
   obj:/usr/lib/x86_64-linux-gnu/libtinfo.so.6.2
   fun:_nc_setupterm
   fun:tgetent_sp
   fun:_rl_init_terminal_io
   fun:rl_initialize
   fun:readline
   fun:main
}
==12015== 2,032 bytes in 1 blocks are still reachable in loss record 45 of 72
==12015==    at 0x483B7F3: malloc (in /usr/lib/x86_64-linux-gnu/valgrind/vgpreload_memcheck-amd64-linux.so)
==12015==    by 0x489A00C: xmalloc (in /usr/lib/x86_64-linux-gnu/libreadline.so.8.0)
==12015==    by 0x488F999: _rl_init_terminal_io (in /usr/lib/x86_64-linux-gnu/libreadline.so.8.0)
==12015==    by 0x48741FF: rl_initialize (in /usr/lib/x86_64-linux-gnu/libreadline.so.8.0)
==12015==    by 0x48744AF: readline (in /usr/lib/x86_64-linux-gnu/libreadline.so.8.0)
==12015==    by 0x109713: main (main.c:99)
==12015== 
{
   <insert_a_suppression_name_here>
   Memcheck:Leak
   match-leak-kinds: reachable
   fun:malloc
   fun:xmalloc
   fun:_rl_init_terminal_io
   fun:rl_initialize
   fun:readline
   fun:main
}
==12015== 2,208 bytes in 138 blocks are still reachable in loss record 46 of 72
==12015==    at 0x483B7F3: malloc (in /usr/lib/x86_64-linux-gnu/valgrind/vgpreload_memcheck-amd64-linux.so)
==12015==    by 0x489A00C: xmalloc (in /usr/lib/x86_64-linux-gnu/libreadline.so.8.0)
==12015==    by 0x48788F0: rl_add_funmap_entry (in /usr/lib/x86_64-linux-gnu/libreadline.so.8.0)
==12015==    by 0x4878998: rl_initialize_funmap (in /usr/lib/x86_64-linux-gnu/libreadline.so.8.0)
==12015==    by 0x487421C: rl_initialize (in /usr/lib/x86_64-linux-gnu/libreadline.so.8.0)
==12015==    by 0x48744AF: readline (in /usr/lib/x86_64-linux-gnu/libreadline.so.8.0)
==12015==    by 0x109713: main (main.c:99)
==12015== 
{
   <insert_a_suppression_name_here>
   Memcheck:Leak
   match-leak-kinds: reachable
   fun:malloc
   fun:xmalloc
   fun:rl_add_funmap_entry
   fun:rl_initialize_funmap
   fun:rl_initialize
   fun:readline
   fun:main
}
==12015== 3,792 bytes in 1 blocks are still reachable in loss record 47 of 72
==12015==    at 0x483DFAF: realloc (in /usr/lib/x86_64-linux-gnu/valgrind/vgpreload_memcheck-amd64-linux.so)
==12015==    by 0x4AB12C7: _nc_doalloc (in /usr/lib/x86_64-linux-gnu/libtinfo.so.6.2)
==12015==    by 0x4ABA540: _nc_read_termtype (in /usr/lib/x86_64-linux-gnu/libtinfo.so.6.2)
==12015==    by 0x4ABA91C: ??? (in /usr/lib/x86_64-linux-gnu/libtinfo.so.6.2)
==12015==    by 0x4ABAD13: ??? (in /usr/lib/x86_64-linux-gnu/libtinfo.so.6.2)
==12015==    by 0x4ABAE44: _nc_read_entry2 (in /usr/lib/x86_64-linux-gnu/libtinfo.so.6.2)
==12015==    by 0x4AB39F5: ??? (in /usr/lib/x86_64-linux-gnu/libtinfo.so.6.2)
==12015==    by 0x4AB3E04: _nc_setupterm (in /usr/lib/x86_64-linux-gnu/libtinfo.so.6.2)
==12015==    by 0x4AB4359: tgetent_sp (in /usr/lib/x86_64-linux-gnu/libtinfo.so.6.2)
==12015==    by 0x488F75B: _rl_init_terminal_io (in /usr/lib/x86_64-linux-gnu/libreadline.so.8.0)
==12015==    by 0x48741FF: rl_initialize (in /usr/lib/x86_64-linux-gnu/libreadline.so.8.0)
==12015==    by 0x48744AF: readline (in /usr/lib/x86_64-linux-gnu/libreadline.so.8.0)
==12015== 
{
   <insert_a_suppression_name_here>
   Memcheck:Leak
   match-leak-kinds: reachable
   fun:realloc
   fun:_nc_doalloc
   fun:_nc_read_termtype
   obj:/usr/lib/x86_64-linux-gnu/libtinfo.so.6.2
   obj:/usr/lib/x86_64-linux-gnu/libtinfo.so.6.2
   fun:_nc_read_entry2
   obj:/usr/lib/x86_64-linux-gnu/libtinfo.so.6.2
   fun:_nc_setupterm
   fun:tgetent_sp
   fun:_rl_init_terminal_io
   fun:rl_initialize
   fun:readline
}
==12015== 3,792 bytes in 1 blocks are still reachable in loss record 48 of 72
==12015==    at 0x483B7F3: malloc (in /usr/lib/x86_64-linux-gnu/valgrind/vgpreload_memcheck-amd64-linux.so)
==12015==    by 0x4AAF1AF: ??? (in /usr/lib/x86_64-linux-gnu/libtinfo.so.6.2)
==12015==    by 0x4AB3E1B: _nc_setupterm (in /usr/lib/x86_64-linux-gnu/libtinfo.so.6.2)
==12015==    by 0x4AB4359: tgetent_sp (in /usr/lib/x86_64-linux-gnu/libtinfo.so.6.2)
==12015==    by 0x488F75B: _rl_init_terminal_io (in /usr/lib/x86_64-linux-gnu/libreadline.so.8.0)
==12015==    by 0x48741FF: rl_initialize (in /usr/lib/x86_64-linux-gnu/libreadline.so.8.0)
==12015==    by 0x48744AF: readline (in /usr/lib/x86_64-linux-gnu/libreadline.so.8.0)
==12015==    by 0x109713: main (main.c:99)
==12015== 
{
   <insert_a_suppression_name_here>
   Memcheck:Leak
   match-leak-kinds: reachable
   fun:malloc
   obj:/usr/lib/x86_64-linux-gnu/libtinfo.so.6.2
   fun:_nc_setupterm
   fun:tgetent_sp
   fun:_rl_init_terminal_io
   fun:rl_initialize
   fun:readline
   fun:main
}
==12015== 4,016 bytes in 1 blocks are still reachable in loss record 49 of 72
==12015==    at 0x483B7F3: malloc (in /usr/lib/x86_64-linux-gnu/valgrind/vgpreload_memcheck-amd64-linux.so)
==12015==    by 0x489A00C: xmalloc (in /usr/lib/x86_64-linux-gnu/libreadline.so.8.0)
==12015==    by 0x4893A5B: add_history (in /usr/lib/x86_64-linux-gnu/libreadline.so.8.0)
==12015==    by 0x109793: main (main.c:117)
==12015== 
{
   <insert_a_suppression_name_here>
   Memcheck:Leak
   match-leak-kinds: reachable
   fun:malloc
   fun:xmalloc
   fun:add_history
   fun:main
}
==12015== 4,080 bytes in 1 blocks are still reachable in loss record 51 of 72
==12015==    at 0x483B7F3: malloc (in /usr/lib/x86_64-linux-gnu/valgrind/vgpreload_memcheck-amd64-linux.so)
==12015==    by 0x489A00C: xmalloc (in /usr/lib/x86_64-linux-gnu/libreadline.so.8.0)
==12015==    by 0x488F9B9: _rl_init_terminal_io (in /usr/lib/x86_64-linux-gnu/libreadline.so.8.0)
==12015==    by 0x48741FF: rl_initialize (in /usr/lib/x86_64-linux-gnu/libreadline.so.8.0)
==12015==    by 0x48744AF: readline (in /usr/lib/x86_64-linux-gnu/libreadline.so.8.0)
==12015==    by 0x109713: main (main.c:99)
==12015== 
{
   <insert_a_suppression_name_here>
   Memcheck:Leak
   match-leak-kinds: reachable
   fun:malloc
   fun:xmalloc
   fun:_rl_init_terminal_io
   fun:rl_initialize
   fun:readline
   fun:main
}
==12015== 4,112 bytes in 1 blocks are still reachable in loss record 52 of 72
==12015==    at 0x483B7F3: malloc (in /usr/lib/x86_64-linux-gnu/valgrind/vgpreload_memcheck-amd64-linux.so)
==12015==    by 0x489A00C: xmalloc (in /usr/lib/x86_64-linux-gnu/libreadline.so.8.0)
==12015==    by 0x4878A91: rl_make_bare_keymap (in /usr/lib/x86_64-linux-gnu/libreadline.so.8.0)
==12015==    by 0x487FD79: rl_generic_bind (in /usr/lib/x86_64-linux-gnu/libreadline.so.8.0)
==12015==    by 0x4880F1D: rl_bind_keyseq_if_unbound_in_map (in /usr/lib/x86_64-linux-gnu/libreadline.so.8.0)
==12015==    by 0x488EF45: ??? (in /usr/lib/x86_64-linux-gnu/libreadline.so.8.0)
==12015==    by 0x488F897: _rl_init_terminal_io (in /usr/lib/x86_64-linux-gnu/libreadline.so.8.0)
==12015==    by 0x48741FF: rl_initialize (in /usr/lib/x86_64-linux-gnu/libreadline.so.8.0)
==12015==    by 0x48744AF: readline (in /usr/lib/x86_64-linux-gnu/libreadline.so.8.0)
==12015==    by 0x109713: main (main.c:99)
==12015== 
{
   <insert_a_suppression_name_here>
   Memcheck:Leak
   match-leak-kinds: reachable
   fun:malloc
   fun:xmalloc
   fun:rl_make_bare_keymap
   fun:rl_generic_bind
   fun:rl_bind_keyseq_if_unbound_in_map
   obj:/usr/lib/x86_64-linux-gnu/libreadline.so.8.0
   fun:_rl_init_terminal_io
   fun:rl_initialize
   fun:readline
   fun:main
}
==12015== 4,112 bytes in 1 blocks are still reachable in loss record 53 of 72
==12015==    at 0x483B7F3: malloc (in /usr/lib/x86_64-linux-gnu/valgrind/vgpreload_memcheck-amd64-linux.so)
==12015==    by 0x489A00C: xmalloc (in /usr/lib/x86_64-linux-gnu/libreadline.so.8.0)
==12015==    by 0x4878A91: rl_make_bare_keymap (in /usr/lib/x86_64-linux-gnu/libreadline.so.8.0)
==12015==    by 0x487FD79: rl_generic_bind (in /usr/lib/x86_64-linux-gnu/libreadline.so.8.0)
==12015==    by 0x4880F1D: rl_bind_keyseq_if_unbound_in_map (in /usr/lib/x86_64-linux-gnu/libreadline.so.8.0)
==12015==    by 0x488EFCA: ??? (in /usr/lib/x86_64-linux-gnu/libreadline.so.8.0)
==12015==    by 0x488F897: _rl_init_terminal_io (in /usr/lib/x86_64-linux-gnu/libreadline.so.8.0)
==12015==    by 0x48741FF: rl_initialize (in /usr/lib/x86_64-linux-gnu/libreadline.so.8.0)
==12015==    by 0x48744AF: readline (in /usr/lib/x86_64-linux-gnu/libreadline.so.8.0)
==12015==    by 0x109713: main (main.c:99)
==12015== 
{
   <insert_a_suppression_name_here>
   Memcheck:Leak
   match-leak-kinds: reachable
   fun:malloc
   fun:xmalloc
   fun:rl_make_bare_keymap
   fun:rl_generic_bind
   fun:rl_bind_keyseq_if_unbound_in_map
   obj:/usr/lib/x86_64-linux-gnu/libreadline.so.8.0
   fun:_rl_init_terminal_io
   fun:rl_initialize
   fun:readline
   fun:main
}
==12015== 4,112 bytes in 1 blocks are still reachable in loss record 54 of 72
==12015==    at 0x483B7F3: malloc (in /usr/lib/x86_64-linux-gnu/valgrind/vgpreload_memcheck-amd64-linux.so)
==12015==    by 0x489A00C: xmalloc (in /usr/lib/x86_64-linux-gnu/libreadline.so.8.0)
==12015==    by 0x4878A91: rl_make_bare_keymap (in /usr/lib/x86_64-linux-gnu/libreadline.so.8.0)
==12015==    by 0x487FD79: rl_generic_bind (in /usr/lib/x86_64-linux-gnu/libreadline.so.8.0)
==12015==    by 0x4880F1D: rl_bind_keyseq_if_unbound_in_map (in /usr/lib/x86_64-linux-gnu/libreadline.so.8.0)
==12015==    by 0x488EFCA: ??? (in /usr/lib/x86_64-linux-gnu/libreadline.so.8.0)
==12015==    by 0x488F8A3: _rl_init_terminal_io (in /usr/lib/x86_64-linux-gnu/libreadline.so.8.0)
==12015==    by 0x48741FF: rl_initialize (in /usr/lib/x86_64-linux-gnu/libreadline.so.8.0)
==12015==    by 0x48744AF: readline (in /usr/lib/x86_64-linux-gnu/libreadline.so.8.0)
==12015==    by 0x109713: main (main.c:99)
==12015== 
{
   <insert_a_suppression_name_here>
   Memcheck:Leak
   match-leak-kinds: reachable
   fun:malloc
   fun:xmalloc
   fun:rl_make_bare_keymap
   fun:rl_generic_bind
   fun:rl_bind_keyseq_if_unbound_in_map
   obj:/usr/lib/x86_64-linux-gnu/libreadline.so.8.0
   fun:_rl_init_terminal_io
   fun:rl_initialize
   fun:readline
   fun:main
}
==12015== 4,112 bytes in 1 blocks are still reachable in loss record 55 of 72
==12015==    at 0x483B7F3: malloc (in /usr/lib/x86_64-linux-gnu/valgrind/vgpreload_memcheck-amd64-linux.so)
==12015==    by 0x489A00C: xmalloc (in /usr/lib/x86_64-linux-gnu/libreadline.so.8.0)
==12015==    by 0x4878A91: rl_make_bare_keymap (in /usr/lib/x86_64-linux-gnu/libreadline.so.8.0)
==12015==    by 0x487FD79: rl_generic_bind (in /usr/lib/x86_64-linux-gnu/libreadline.so.8.0)
==12015==    by 0x4880F1D: rl_bind_keyseq_if_unbound_in_map (in /usr/lib/x86_64-linux-gnu/libreadline.so.8.0)
==12015==    by 0x488EFCA: ??? (in /usr/lib/x86_64-linux-gnu/libreadline.so.8.0)
==12015==    by 0x488F8AF: _rl_init_terminal_io (in /usr/lib/x86_64-linux-gnu/libreadline.so.8.0)
==12015==    by 0x48741FF: rl_initialize (in /usr/lib/x86_64-linux-gnu/libreadline.so.8.0)
==12015==    by 0x48744AF: readline (in /usr/lib/x86_64-linux-gnu/libreadline.so.8.0)
==12015==    by 0x109713: main (main.c:99)
==12015== 
{
   <insert_a_suppression_name_here>
   Memcheck:Leak
   match-leak-kinds: reachable
   fun:malloc
   fun:xmalloc
   fun:rl_make_bare_keymap
   fun:rl_generic_bind
   fun:rl_bind_keyseq_if_unbound_in_map
   obj:/usr/lib/x86_64-linux-gnu/libreadline.so.8.0
   fun:_rl_init_terminal_io
   fun:rl_initialize
   fun:readline
   fun:main
}
==12015== 4,112 bytes in 1 blocks are still reachable in loss record 56 of 72
==12015==    at 0x483B7F3: malloc (in /usr/lib/x86_64-linux-gnu/valgrind/vgpreload_memcheck-amd64-linux.so)
==12015==    by 0x489A00C: xmalloc (in /usr/lib/x86_64-linux-gnu/libreadline.so.8.0)
==12015==    by 0x4878A91: rl_make_bare_keymap (in /usr/lib/x86_64-linux-gnu/libreadline.so.8.0)
==12015==    by 0x487FD79: rl_generic_bind (in /usr/lib/x86_64-linux-gnu/libreadline.so.8.0)
==12015==    by 0x4880F1D: rl_bind_keyseq_if_unbound_in_map (in /usr/lib/x86_64-linux-gnu/libreadline.so.8.0)
==12015==    by 0x4872F72: ??? (in /usr/lib/x86_64-linux-gnu/libreadline.so.8.0)
==12015==    by 0x4874274: rl_initialize (in /usr/lib/x86_64-linux-gnu/libreadline.so.8.0)
==12015==    by 0x48744AF: readline (in /usr/lib/x86_64-linux-gnu/libreadline.so.8.0)
==12015==    by 0x109713: main (main.c:99)
==12015== 
{
   <insert_a_suppression_name_here>
   Memcheck:Leak
   match-leak-kinds: reachable
   fun:malloc
   fun:xmalloc
   fun:rl_make_bare_keymap
   fun:rl_generic_bind
   fun:rl_bind_keyseq_if_unbound_in_map
   obj:/usr/lib/x86_64-linux-gnu/libreadline.so.8.0
   fun:rl_initialize
   fun:readline
   fun:main
}
==12015== 4,112 bytes in 1 blocks are still reachable in loss record 57 of 72
==12015==    at 0x483B7F3: malloc (in /usr/lib/x86_64-linux-gnu/valgrind/vgpreload_memcheck-amd64-linux.so)
==12015==    by 0x489A00C: xmalloc (in /usr/lib/x86_64-linux-gnu/libreadline.so.8.0)
==12015==    by 0x4878A91: rl_make_bare_keymap (in /usr/lib/x86_64-linux-gnu/libreadline.so.8.0)
==12015==    by 0x487FD79: rl_generic_bind (in /usr/lib/x86_64-linux-gnu/libreadline.so.8.0)
==12015==    by 0x4880F1D: rl_bind_keyseq_if_unbound_in_map (in /usr/lib/x86_64-linux-gnu/libreadline.so.8.0)
==12015==    by 0x4872F72: ??? (in /usr/lib/x86_64-linux-gnu/libreadline.so.8.0)
==12015==    by 0x4874283: rl_initialize (in /usr/lib/x86_64-linux-gnu/libreadline.so.8.0)
==12015==    by 0x48744AF: readline (in /usr/lib/x86_64-linux-gnu/libreadline.so.8.0)
==12015==    by 0x109713: main (main.c:99)
==12015== 
{
   <insert_a_suppression_name_here>
   Memcheck:Leak
   match-leak-kinds: reachable
   fun:malloc
   fun:xmalloc
   fun:rl_make_bare_keymap
   fun:rl_generic_bind
   fun:rl_bind_keyseq_if_unbound_in_map
   obj:/usr/lib/x86_64-linux-gnu/libreadline.so.8.0
   fun:rl_initialize
   fun:readline
   fun:main
}
==12015== 4,112 bytes in 1 blocks are still reachable in loss record 58 of 72
==12015==    at 0x483B7F3: malloc (in /usr/lib/x86_64-linux-gnu/valgrind/vgpreload_memcheck-amd64-linux.so)
==12015==    by 0x489A00C: xmalloc (in /usr/lib/x86_64-linux-gnu/libreadline.so.8.0)
==12015==    by 0x4878A91: rl_make_bare_keymap (in /usr/lib/x86_64-linux-gnu/libreadline.so.8.0)
==12015==    by 0x487FD79: rl_generic_bind (in /usr/lib/x86_64-linux-gnu/libreadline.so.8.0)
==12015==    by 0x4880F1D: rl_bind_keyseq_if_unbound_in_map (in /usr/lib/x86_64-linux-gnu/libreadline.so.8.0)
==12015==    by 0x4872F72: ??? (in /usr/lib/x86_64-linux-gnu/libreadline.so.8.0)
==12015==    by 0x48742A1: rl_initialize (in /usr/lib/x86_64-linux-gnu/libreadline.so.8.0)
==12015==    by 0x48744AF: readline (in /usr/lib/x86_64-linux-gnu/libreadline.so.8.0)
==12015==    by 0x109713: main (main.c:99)
==12015== 
{
   <insert_a_suppression_name_here>
   Memcheck:Leak
   match-leak-kinds: reachable
   fun:malloc
   fun:xmalloc
   fun:rl_make_bare_keymap
   fun:rl_generic_bind
   fun:rl_bind_keyseq_if_unbound_in_map
   obj:/usr/lib/x86_64-linux-gnu/libreadline.so.8.0
   fun:rl_initialize
   fun:readline
   fun:main
}
==12015== 7,952 bytes in 1 blocks are still reachable in loss record 59 of 72
==12015==    at 0x483DD99: calloc (in /usr/lib/x86_64-linux-gnu/valgrind/vgpreload_memcheck-amd64-linux.so)
==12015==    by 0x4AAFFA7: ??? (in /usr/lib/x86_64-linux-gnu/libtinfo.so.6.2)
==12015==    by 0x4AB079F: _nc_find_type_entry (in /usr/lib/x86_64-linux-gnu/libtinfo.so.6.2)
==12015==    by 0x4AB4C9C: tgetstr_sp (in /usr/lib/x86_64-linux-gnu/libtinfo.so.6.2)
==12015==    by 0x488F79B: _rl_init_terminal_io (in /usr/lib/x86_64-linux-gnu/libreadline.so.8.0)
==12015==    by 0x48741FF: rl_initialize (in /usr/lib/x86_64-linux-gnu/libreadline.so.8.0)
==12015==    by 0x48744AF: readline (in /usr/lib/x86_64-linux-gnu/libreadline.so.8.0)
==12015==    by 0x109713: main (main.c:99)
==12015== 
{
   <insert_a_suppression_name_here>
   Memcheck:Leak
   match-leak-kinds: reachable
   fun:calloc
   obj:/usr/lib/x86_64-linux-gnu/libtinfo.so.6.2
   fun:_nc_find_type_entry
   fun:tgetstr_sp
   fun:_rl_init_terminal_io
   fun:rl_initialize
   fun:readline
   fun:main
}
==12015== 8,224 bytes in 2 blocks are still reachable in loss record 60 of 72
==12015==    at 0x483B7F3: malloc (in /usr/lib/x86_64-linux-gnu/valgrind/vgpreload_memcheck-amd64-linux.so)
==12015==    by 0x489A00C: xmalloc (in /usr/lib/x86_64-linux-gnu/libreadline.so.8.0)
==12015==    by 0x4878A91: rl_make_bare_keymap (in /usr/lib/x86_64-linux-gnu/libreadline.so.8.0)
==12015==    by 0x487FD79: rl_generic_bind (in /usr/lib/x86_64-linux-gnu/libreadline.so.8.0)
==12015==    by 0x4880F1D: rl_bind_keyseq_if_unbound_in_map (in /usr/lib/x86_64-linux-gnu/libreadline.so.8.0)
==12015==    by 0x488EFB7: ??? (in /usr/lib/x86_64-linux-gnu/libreadline.so.8.0)
==12015==    by 0x488F897: _rl_init_terminal_io (in /usr/lib/x86_64-linux-gnu/libreadline.so.8.0)
==12015==    by 0x48741FF: rl_initialize (in /usr/lib/x86_64-linux-gnu/libreadline.so.8.0)
==12015==    by 0x48744AF: readline (in /usr/lib/x86_64-linux-gnu/libreadline.so.8.0)
==12015==    by 0x109713: main (main.c:99)
==12015== 
{
   <insert_a_suppression_name_here>
   Memcheck:Leak
   match-leak-kinds: reachable
   fun:malloc
   fun:xmalloc
   fun:rl_make_bare_keymap
   fun:rl_generic_bind
   fun:rl_bind_keyseq_if_unbound_in_map
   obj:/usr/lib/x86_64-linux-gnu/libreadline.so.8.0
   fun:_rl_init_terminal_io
   fun:rl_initialize
   fun:readline
   fun:main
}
==12015== 8,224 bytes in 2 blocks are still reachable in loss record 61 of 72
==12015==    at 0x483B7F3: malloc (in /usr/lib/x86_64-linux-gnu/valgrind/vgpreload_memcheck-amd64-linux.so)
==12015==    by 0x489A00C: xmalloc (in /usr/lib/x86_64-linux-gnu/libreadline.so.8.0)
==12015==    by 0x4878A91: rl_make_bare_keymap (in /usr/lib/x86_64-linux-gnu/libreadline.so.8.0)
==12015==    by 0x487FD79: rl_generic_bind (in /usr/lib/x86_64-linux-gnu/libreadline.so.8.0)
==12015==    by 0x4880F1D: rl_bind_keyseq_if_unbound_in_map (in /usr/lib/x86_64-linux-gnu/libreadline.so.8.0)
==12015==    by 0x488EF45: ??? (in /usr/lib/x86_64-linux-gnu/libreadline.so.8.0)
==12015==    by 0x488F8A3: _rl_init_terminal_io (in /usr/lib/x86_64-linux-gnu/libreadline.so.8.0)
==12015==    by 0x48741FF: rl_initialize (in /usr/lib/x86_64-linux-gnu/libreadline.so.8.0)
==12015==    by 0x48744AF: readline (in /usr/lib/x86_64-linux-gnu/libreadline.so.8.0)
==12015==    by 0x109713: main (main.c:99)
==12015== 
{
   <insert_a_suppression_name_here>
   Memcheck:Leak
   match-leak-kinds: reachable
   fun:malloc
   fun:xmalloc
   fun:rl_make_bare_keymap
   fun:rl_generic_bind
   fun:rl_bind_keyseq_if_unbound_in_map
   obj:/usr/lib/x86_64-linux-gnu/libreadline.so.8.0
   fun:_rl_init_terminal_io
   fun:rl_initialize
   fun:readline
   fun:main
}
==12015== 8,224 bytes in 2 blocks are still reachable in loss record 62 of 72
==12015==    at 0x483B7F3: malloc (in /usr/lib/x86_64-linux-gnu/valgrind/vgpreload_memcheck-amd64-linux.so)
==12015==    by 0x489A00C: xmalloc (in /usr/lib/x86_64-linux-gnu/libreadline.so.8.0)
==12015==    by 0x4878A91: rl_make_bare_keymap (in /usr/lib/x86_64-linux-gnu/libreadline.so.8.0)
==12015==    by 0x487FD79: rl_generic_bind (in /usr/lib/x86_64-linux-gnu/libreadline.so.8.0)
==12015==    by 0x4880F1D: rl_bind_keyseq_if_unbound_in_map (in /usr/lib/x86_64-linux-gnu/libreadline.so.8.0)
==12015==    by 0x488EFB7: ??? (in /usr/lib/x86_64-linux-gnu/libreadline.so.8.0)
==12015==    by 0x488F8A3: _rl_init_terminal_io (in /usr/lib/x86_64-linux-gnu/libreadline.so.8.0)
==12015==    by 0x48741FF: rl_initialize (in /usr/lib/x86_64-linux-gnu/libreadline.so.8.0)
==12015==    by 0x48744AF: readline (in /usr/lib/x86_64-linux-gnu/libreadline.so.8.0)
==12015==    by 0x109713: main (main.c:99)
==12015== 
{
   <insert_a_suppression_name_here>
   Memcheck:Leak
   match-leak-kinds: reachable
   fun:malloc
   fun:xmalloc
   fun:rl_make_bare_keymap
   fun:rl_generic_bind
   fun:rl_bind_keyseq_if_unbound_in_map
   obj:/usr/lib/x86_64-linux-gnu/libreadline.so.8.0
   fun:_rl_init_terminal_io
   fun:rl_initialize
   fun:readline
   fun:main
}
==12015== 8,224 bytes in 2 blocks are still reachable in loss record 63 of 72
==12015==    at 0x483B7F3: malloc (in /usr/lib/x86_64-linux-gnu/valgrind/vgpreload_memcheck-amd64-linux.so)
==12015==    by 0x489A00C: xmalloc (in /usr/lib/x86_64-linux-gnu/libreadline.so.8.0)
==12015==    by 0x4878A91: rl_make_bare_keymap (in /usr/lib/x86_64-linux-gnu/libreadline.so.8.0)
==12015==    by 0x487FD79: rl_generic_bind (in /usr/lib/x86_64-linux-gnu/libreadline.so.8.0)
==12015==    by 0x4880F1D: rl_bind_keyseq_if_unbound_in_map (in /usr/lib/x86_64-linux-gnu/libreadline.so.8.0)
==12015==    by 0x488EF45: ??? (in /usr/lib/x86_64-linux-gnu/libreadline.so.8.0)
==12015==    by 0x488F8AF: _rl_init_terminal_io (in /usr/lib/x86_64-linux-gnu/libreadline.so.8.0)
==12015==    by 0x48741FF: rl_initialize (in /usr/lib/x86_64-linux-gnu/libreadline.so.8.0)
==12015==    by 0x48744AF: readline (in /usr/lib/x86_64-linux-gnu/libreadline.so.8.0)
==12015==    by 0x109713: main (main.c:99)
==12015== 
{
   <insert_a_suppression_name_here>
   Memcheck:Leak
   match-leak-kinds: reachable
   fun:malloc
   fun:xmalloc
   fun:rl_make_bare_keymap
   fun:rl_generic_bind
   fun:rl_bind_keyseq_if_unbound_in_map
   obj:/usr/lib/x86_64-linux-gnu/libreadline.so.8.0
   fun:_rl_init_terminal_io
   fun:rl_initialize
   fun:readline
   fun:main
}
==12015== 8,224 bytes in 2 blocks are still reachable in loss record 64 of 72
==12015==    at 0x483B7F3: malloc (in /usr/lib/x86_64-linux-gnu/valgrind/vgpreload_memcheck-amd64-linux.so)
==12015==    by 0x489A00C: xmalloc (in /usr/lib/x86_64-linux-gnu/libreadline.so.8.0)
==12015==    by 0x4878A91: rl_make_bare_keymap (in /usr/lib/x86_64-linux-gnu/libreadline.so.8.0)
==12015==    by 0x487FD79: rl_generic_bind (in /usr/lib/x86_64-linux-gnu/libreadline.so.8.0)
==12015==    by 0x4880F1D: rl_bind_keyseq_if_unbound_in_map (in /usr/lib/x86_64-linux-gnu/libreadline.so.8.0)
==12015==    by 0x488EFB7: ??? (in /usr/lib/x86_64-linux-gnu/libreadline.so.8.0)
==12015==    by 0x488F8AF: _rl_init_terminal_io (in /usr/lib/x86_64-linux-gnu/libreadline.so.8.0)
==12015==    by 0x48741FF: rl_initialize (in /usr/lib/x86_64-linux-gnu/libreadline.so.8.0)
==12015==    by 0x48744AF: readline (in /usr/lib/x86_64-linux-gnu/libreadline.so.8.0)
==12015==    by 0x109713: main (main.c:99)
==12015== 
{
   <insert_a_suppression_name_here>
   Memcheck:Leak
   match-leak-kinds: reachable
   fun:malloc
   fun:xmalloc
   fun:rl_make_bare_keymap
   fun:rl_generic_bind
   fun:rl_bind_keyseq_if_unbound_in_map
   obj:/usr/lib/x86_64-linux-gnu/libreadline.so.8.0
   fun:_rl_init_terminal_io
   fun:rl_initialize
   fun:readline
   fun:main
}
==12015== 8,224 bytes in 2 blocks are still reachable in loss record 65 of 72
==12015==    at 0x483B7F3: malloc (in /usr/lib/x86_64-linux-gnu/valgrind/vgpreload_memcheck-amd64-linux.so)
==12015==    by 0x489A00C: xmalloc (in /usr/lib/x86_64-linux-gnu/libreadline.so.8.0)
==12015==    by 0x4878A91: rl_make_bare_keymap (in /usr/lib/x86_64-linux-gnu/libreadline.so.8.0)
==12015==    by 0x487FD79: rl_generic_bind (in /usr/lib/x86_64-linux-gnu/libreadline.so.8.0)
==12015==    by 0x4880F1D: rl_bind_keyseq_if_unbound_in_map (in /usr/lib/x86_64-linux-gnu/libreadline.so.8.0)
==12015==    by 0x4872F63: ??? (in /usr/lib/x86_64-linux-gnu/libreadline.so.8.0)
==12015==    by 0x4874274: rl_initialize (in /usr/lib/x86_64-linux-gnu/libreadline.so.8.0)
==12015==    by 0x48744AF: readline (in /usr/lib/x86_64-linux-gnu/libreadline.so.8.0)
==12015==    by 0x109713: main (main.c:99)
==12015== 
{
   <insert_a_suppression_name_here>
   Memcheck:Leak
   match-leak-kinds: reachable
   fun:malloc
   fun:xmalloc
   fun:rl_make_bare_keymap
   fun:rl_generic_bind
   fun:rl_bind_keyseq_if_unbound_in_map
   obj:/usr/lib/x86_64-linux-gnu/libreadline.so.8.0
   fun:rl_initialize
   fun:readline
   fun:main
}
==12015== 8,224 bytes in 2 blocks are still reachable in loss record 66 of 72
==12015==    at 0x483B7F3: malloc (in /usr/lib/x86_64-linux-gnu/valgrind/vgpreload_memcheck-amd64-linux.so)
==12015==    by 0x489A00C: xmalloc (in /usr/lib/x86_64-linux-gnu/libreadline.so.8.0)
==12015==    by 0x4878A91: rl_make_bare_keymap (in /usr/lib/x86_64-linux-gnu/libreadline.so.8.0)
==12015==    by 0x487FD79: rl_generic_bind (in /usr/lib/x86_64-linux-gnu/libreadline.so.8.0)
==12015==    by 0x4880F1D: rl_bind_keyseq_if_unbound_in_map (in /usr/lib/x86_64-linux-gnu/libreadline.so.8.0)
==12015==    by 0x4872F63: ??? (in /usr/lib/x86_64-linux-gnu/libreadline.so.8.0)
==12015==    by 0x4874283: rl_initialize (in /usr/lib/x86_64-linux-gnu/libreadline.so.8.0)
==12015==    by 0x48744AF: readline (in /usr/lib/x86_64-linux-gnu/libreadline.so.8.0)
==12015==    by 0x109713: main (main.c:99)
==12015== 
{
   <insert_a_suppression_name_here>
   Memcheck:Leak
   match-leak-kinds: reachable
   fun:malloc
   fun:xmalloc
   fun:rl_make_bare_keymap
   fun:rl_generic_bind
   fun:rl_bind_keyseq_if_unbound_in_map
   obj:/usr/lib/x86_64-linux-gnu/libreadline.so.8.0
   fun:rl_initialize
   fun:readline
   fun:main
}
==12015== 8,224 bytes in 2 blocks are still reachable in loss record 67 of 72
==12015==    at 0x483B7F3: malloc (in /usr/lib/x86_64-linux-gnu/valgrind/vgpreload_memcheck-amd64-linux.so)
==12015==    by 0x489A00C: xmalloc (in /usr/lib/x86_64-linux-gnu/libreadline.so.8.0)
==12015==    by 0x4878A91: rl_make_bare_keymap (in /usr/lib/x86_64-linux-gnu/libreadline.so.8.0)
==12015==    by 0x487FD79: rl_generic_bind (in /usr/lib/x86_64-linux-gnu/libreadline.so.8.0)
==12015==    by 0x4880F1D: rl_bind_keyseq_if_unbound_in_map (in /usr/lib/x86_64-linux-gnu/libreadline.so.8.0)
==12015==    by 0x4872F63: ??? (in /usr/lib/x86_64-linux-gnu/libreadline.so.8.0)
==12015==    by 0x48742A1: rl_initialize (in /usr/lib/x86_64-linux-gnu/libreadline.so.8.0)
==12015==    by 0x48744AF: readline (in /usr/lib/x86_64-linux-gnu/libreadline.so.8.0)
==12015==    by 0x109713: main (main.c:99)
==12015== 
{
   <insert_a_suppression_name_here>
   Memcheck:Leak
   match-leak-kinds: reachable
   fun:malloc
   fun:xmalloc
   fun:rl_make_bare_keymap
   fun:rl_generic_bind
   fun:rl_bind_keyseq_if_unbound_in_map
   obj:/usr/lib/x86_64-linux-gnu/libreadline.so.8.0
   fun:rl_initialize
   fun:readline
   fun:main
}
==12015== 8,224 bytes in 2 blocks are still reachable in loss record 68 of 72
==12015==    at 0x483B7F3: malloc (in /usr/lib/x86_64-linux-gnu/valgrind/vgpreload_memcheck-amd64-linux.so)
==12015==    by 0x489A00C: xmalloc (in /usr/lib/x86_64-linux-gnu/libreadline.so.8.0)
==12015==    by 0x4878A91: rl_make_bare_keymap (in /usr/lib/x86_64-linux-gnu/libreadline.so.8.0)
==12015==    by 0x487FD79: rl_generic_bind (in /usr/lib/x86_64-linux-gnu/libreadline.so.8.0)
==12015==    by 0x4880F1D: rl_bind_keyseq_if_unbound_in_map (in /usr/lib/x86_64-linux-gnu/libreadline.so.8.0)
==12015==    by 0x48742BF: rl_initialize (in /usr/lib/x86_64-linux-gnu/libreadline.so.8.0)
==12015==    by 0x48744AF: readline (in /usr/lib/x86_64-linux-gnu/libreadline.so.8.0)
==12015==    by 0x109713: main (main.c:99)
==12015== 
{
   <insert_a_suppression_name_here>
   Memcheck:Leak
   match-leak-kinds: reachable
   fun:malloc
   fun:xmalloc
   fun:rl_make_bare_keymap
   fun:rl_generic_bind
   fun:rl_bind_keyseq_if_unbound_in_map
   fun:rl_initialize
   fun:readline
   fun:main
}
==12015== 8,224 bytes in 2 blocks are still reachable in loss record 69 of 72
==12015==    at 0x483B7F3: malloc (in /usr/lib/x86_64-linux-gnu/valgrind/vgpreload_memcheck-amd64-linux.so)
==12015==    by 0x489A00C: xmalloc (in /usr/lib/x86_64-linux-gnu/libreadline.so.8.0)
==12015==    by 0x4878A91: rl_make_bare_keymap (in /usr/lib/x86_64-linux-gnu/libreadline.so.8.0)
==12015==    by 0x487FD79: rl_generic_bind (in /usr/lib/x86_64-linux-gnu/libreadline.so.8.0)
==12015==    by 0x4880F1D: rl_bind_keyseq_if_unbound_in_map (in /usr/lib/x86_64-linux-gnu/libreadline.so.8.0)
==12015==    by 0x48742D2: rl_initialize (in /usr/lib/x86_64-linux-gnu/libreadline.so.8.0)
==12015==    by 0x48744AF: readline (in /usr/lib/x86_64-linux-gnu/libreadline.so.8.0)
==12015==    by 0x109713: main (main.c:99)
==12015== 
{
   <insert_a_suppression_name_here>
   Memcheck:Leak
   match-leak-kinds: reachable
   fun:malloc
   fun:xmalloc
   fun:rl_make_bare_keymap
   fun:rl_generic_bind
   fun:rl_bind_keyseq_if_unbound_in_map
   fun:rl_initialize
   fun:readline
   fun:main
}
==12015== 12,336 bytes in 3 blocks are still reachable in loss record 70 of 72
==12015==    at 0x483B7F3: malloc (in /usr/lib/x86_64-linux-gnu/valgrind/vgpreload_memcheck-amd64-linux.so)
==12015==    by 0x489A00C: xmalloc (in /usr/lib/x86_64-linux-gnu/libreadline.so.8.0)
==12015==    by 0x4878A91: rl_make_bare_keymap (in /usr/lib/x86_64-linux-gnu/libreadline.so.8.0)
==12015==    by 0x487FD79: rl_generic_bind (in /usr/lib/x86_64-linux-gnu/libreadline.so.8.0)
==12015==    by 0x4880F1D: rl_bind_keyseq_if_unbound_in_map (in /usr/lib/x86_64-linux-gnu/libreadline.so.8.0)
==12015==    by 0x4872F3A: ??? (in /usr/lib/x86_64-linux-gnu/libreadline.so.8.0)
==12015==    by 0x4874283: rl_initialize (in /usr/lib/x86_64-linux-gnu/libreadline.so.8.0)
==12015==    by 0x48744AF: readline (in /usr/lib/x86_64-linux-gnu/libreadline.so.8.0)
==12015==    by 0x109713: main (main.c:99)
==12015== 
{
   <insert_a_suppression_name_here>
   Memcheck:Leak
   match-leak-kinds: reachable
   fun:malloc
   fun:xmalloc
   fun:rl_make_bare_keymap
   fun:rl_generic_bind
   fun:rl_bind_keyseq_if_unbound_in_map
   obj:/usr/lib/x86_64-linux-gnu/libreadline.so.8.0
   fun:rl_initialize
   fun:readline
   fun:main
}
==12015== 12,336 bytes in 3 blocks are still reachable in loss record 71 of 72
==12015==    at 0x483B7F3: malloc (in /usr/lib/x86_64-linux-gnu/valgrind/vgpreload_memcheck-amd64-linux.so)
==12015==    by 0x489A00C: xmalloc (in /usr/lib/x86_64-linux-gnu/libreadline.so.8.0)
==12015==    by 0x4878A91: rl_make_bare_keymap (in /usr/lib/x86_64-linux-gnu/libreadline.so.8.0)
==12015==    by 0x487FD79: rl_generic_bind (in /usr/lib/x86_64-linux-gnu/libreadline.so.8.0)
==12015==    by 0x4880F1D: rl_bind_keyseq_if_unbound_in_map (in /usr/lib/x86_64-linux-gnu/libreadline.so.8.0)
==12015==    by 0x4872F3A: ??? (in /usr/lib/x86_64-linux-gnu/libreadline.so.8.0)
==12015==    by 0x48742A1: rl_initialize (in /usr/lib/x86_64-linux-gnu/libreadline.so.8.0)
==12015==    by 0x48744AF: readline (in /usr/lib/x86_64-linux-gnu/libreadline.so.8.0)
==12015==    by 0x109713: main (main.c:99)
==12015== 
{
   <insert_a_suppression_name_here>
   Memcheck:Leak
   match-leak-kinds: reachable
   fun:malloc
   fun:xmalloc
   fun:rl_make_bare_keymap
   fun:rl_generic_bind
   fun:rl_bind_keyseq_if_unbound_in_map
   obj:/usr/lib/x86_64-linux-gnu/libreadline.so.8.0
   fun:rl_initialize
   fun:readline
   fun:main
}
==12015== 28,784 bytes in 7 blocks are still reachable in loss record 72 of 72
==12015==    at 0x483B7F3: malloc (in /usr/lib/x86_64-linux-gnu/valgrind/vgpreload_memcheck-amd64-linux.so)
==12015==    by 0x489A00C: xmalloc (in /usr/lib/x86_64-linux-gnu/libreadline.so.8.0)
==12015==    by 0x4878A91: rl_make_bare_keymap (in /usr/lib/x86_64-linux-gnu/libreadline.so.8.0)
==12015==    by 0x487FD79: rl_generic_bind (in /usr/lib/x86_64-linux-gnu/libreadline.so.8.0)
==12015==    by 0x4881A92: rl_parse_and_bind (in /usr/lib/x86_64-linux-gnu/libreadline.so.8.0)
==12015==    by 0x4881C6C: ??? (in /usr/lib/x86_64-linux-gnu/libreadline.so.8.0)
==12015==    by 0x4874228: rl_initialize (in /usr/lib/x86_64-linux-gnu/libreadline.so.8.0)
==12015==    by 0x48744AF: readline (in /usr/lib/x86_64-linux-gnu/libreadline.so.8.0)
==12015==    by 0x109713: main (main.c:99)
==12015== 
{
   <insert_a_suppression_name_here>
   Memcheck:Leak
   match-leak-kinds: reachable
   fun:malloc
   fun:xmalloc
   fun:rl_make_bare_keymap
   fun:rl_generic_bind
   fun:rl_parse_and_bind
   obj:/usr/lib/x86_64-linux-gnu/libreadline.so.8.0
   fun:rl_initialize
   fun:readline
   fun:main
}
==12015== LEAK SUMMARY:
==12015==    definitely lost: 0 bytes in 0 blocks
==12015==    indirectly lost: 0 bytes in 0 blocks
==12015==      possibly lost: 0 bytes in 0 blocks
==12015==    still reachable: 210,067 bytes in 365 blocks
==12015==         suppressed: 0 bytes in 0 blocks
==12015== 
==12015== ERROR SUMMARY: 0 errors from 0 contexts (suppressed: 0 from 0)
